<?xml version="1.0" encoding="UTF-8"?>
<!-- Generated by org.testng.reporters.JUnitXMLReporter -->
<testsuite ignored="0" hostname="DESKTOP-077G3EM" failures="2" tests="11" name="Default test" time="1.054" errors="0" timestamp="2022-12-03T20:12:32 IST">
  <testcase classname="com.RingPay.TestScripts.RingPayTestScripts" name="@BeforeTest Before" time="1.006">
    <skipped/>
  </testcase> <!-- @BeforeTest Before -->
  <testcase classname="com.RingPay.TestScripts.RingPayTestScripts" name="@BeforeMethod Beforem" time="-1.670078552524E9">
    <skipped/>
  </testcase> <!-- @BeforeMethod Beforem -->
  <testcase classname="com.RingPay.TestScripts.RingPayTestScripts" name="@BeforeMethod Beforem" time="-1.670078552529E9">
    <skipped/>
  </testcase> <!-- @BeforeMethod Beforem -->
  <testcase classname="com.RingPay.TestScripts.RingPayTestScripts" name="@BeforeMethod Beforem" time="-1.670078552531E9">
    <skipped/>
  </testcase> <!-- @BeforeMethod Beforem -->
  <testcase classname="com.RingPay.TestScripts.RingPayTestScripts" name="@BeforeMethod Beforem" time="-1.670078552537E9">
    <skipped/>
  </testcase> <!-- @BeforeMethod Beforem -->
  <testcase classname="com.RingPay.TestScripts.RingPayTestScripts" name="@BeforeMethod Beforem" time="-1.670078552539E9">
    <skipped/>
  </testcase> <!-- @BeforeMethod Beforem -->
  <testcase classname="com.RingPay.TestScripts.RingPayTestScripts" name="@BeforeMethod Beforem" time="-1.670078552541E9">
    <skipped/>
  </testcase> <!-- @BeforeMethod Beforem -->
  <testcase classname="com.RingPay.TestScripts.RingPayTestScripts" name="@BeforeMethod Beforem" time="-1.670078552543E9">
    <skipped/>
  </testcase> <!-- @BeforeMethod Beforem -->
  <testcase classname="com.RingPay.TestScripts.RingPayTestScripts" name="@BeforeMethod Beforem" time="-1.670078552545E9">
    <skipped/>
  </testcase> <!-- @BeforeMethod Beforem -->
  <testcase classname="com.RingPay.TestScripts.RingPayTestScripts" name="@BeforeMethod Beforem" time="-1.670078552547E9">
    <skipped/>
  </testcase> <!-- @BeforeMethod Beforem -->
  <testcase classname="com.RingPay.TestScripts.RingPayTestScripts" name="promocodeFlow" time="0.0">
    <skipped/>
  </testcase> <!-- promocodeFlow -->
  <testcase classname="com.RingPay.TestScripts.RingPayTestScripts" name="offerFlow" time="0.0">
    <skipped/>
  </testcase> <!-- offerFlow -->
  <testcase classname="com.RingPay.TestScripts.RingPayTestScripts" name="ageCheck" time="0.0">
    <skipped/>
  </testcase> <!-- ageCheck -->
  <testcase classname="com.RingPay.TestScripts.RingPayTestScripts" name="WebRingApp" time="0.0">
    <failure type="org.testng.TestNGException" message="
Parameter &amp;apos;baseURLMockUser&amp;apos; is required by @Test on method WebRingApp but has not been marked @Optional or defined
in C:\Users\IGS0501\AppData\Local\Temp\testng-eclipse-328775204\testng-customsuite.xml">
      <![CDATA[org.testng.TestNGException: 
Parameter 'baseURLMockUser' is required by @Test on method WebRingApp but has not been marked @Optional or defined
in C:\Users\IGS0501\AppData\Local\Temp\testng-eclipse-328775204\testng-customsuite.xml
at org.testng.internal.Parameters.createParams(Parameters.java:272)
at org.testng.internal.Parameters.createParametersForMethod(Parameters.java:360)
at org.testng.internal.Parameters.createParameters(Parameters.java:704)
at org.testng.internal.Parameters.handleParameters(Parameters.java:879)
at org.testng.internal.Parameters.handleParameters(Parameters.java:744)
at org.testng.internal.ParameterHandler.handleParameters(ParameterHandler.java:59)
at org.testng.internal.ParameterHandler.createParameters(ParameterHandler.java:38)
at org.testng.internal.TestInvoker$MethodInvocationAgent.invoke(TestInvoker.java:783)
at org.testng.internal.TestInvoker.invokeTestMethods(TestInvoker.java:146)
at org.testng.internal.TestMethodWorker.invokeTestMethods(TestMethodWorker.java:146)
at org.testng.internal.TestMethodWorker.run(TestMethodWorker.java:128)
at java.base/java.util.ArrayList.forEach(ArrayList.java:1511)
at org.testng.TestRunner.privateRun(TestRunner.java:766)
at org.testng.TestRunner.run(TestRunner.java:587)
at org.testng.SuiteRunner.runTest(SuiteRunner.java:384)
at org.testng.SuiteRunner.runSequentially(SuiteRunner.java:378)
at org.testng.SuiteRunner.privateRun(SuiteRunner.java:337)
at org.testng.SuiteRunner.run(SuiteRunner.java:286)
at org.testng.SuiteRunnerWorker.runSuite(SuiteRunnerWorker.java:53)
at org.testng.SuiteRunnerWorker.run(SuiteRunnerWorker.java:96)
at org.testng.TestNG.runSuitesSequentially(TestNG.java:1187)
at org.testng.TestNG.runSuitesLocally(TestNG.java:1109)
at org.testng.TestNG.runSuites(TestNG.java:1039)
at org.testng.TestNG.run(TestNG.java:1007)
at org.testng.remote.AbstractRemoteTestNG.run(AbstractRemoteTestNG.java:115)
at org.testng.remote.RemoteTestNG.initAndRun(RemoteTestNG.java:251)
at org.testng.remote.RemoteTestNG.main(RemoteTestNG.java:77)
]]>
    </failure>
  </testcase> <!-- WebRingApp -->
  <testcase classname="com.RingPay.TestScripts.RingPayTestScripts" name="WebRingApp1" time="0.0">
    <failure type="org.testng.TestNGException" message="
Parameter &amp;apos;baseURLMockUser&amp;apos; is required by @Test on method WebRingApp1 but has not been marked @Optional or defined
in C:\Users\IGS0501\AppData\Local\Temp\testng-eclipse-328775204\testng-customsuite.xml">
      <![CDATA[org.testng.TestNGException: 
Parameter 'baseURLMockUser' is required by @Test on method WebRingApp1 but has not been marked @Optional or defined
in C:\Users\IGS0501\AppData\Local\Temp\testng-eclipse-328775204\testng-customsuite.xml
at org.testng.internal.Parameters.createParams(Parameters.java:272)
at org.testng.internal.Parameters.createParametersForMethod(Parameters.java:360)
at org.testng.internal.Parameters.createParameters(Parameters.java:704)
at org.testng.internal.Parameters.handleParameters(Parameters.java:879)
at org.testng.internal.Parameters.handleParameters(Parameters.java:744)
at org.testng.internal.ParameterHandler.handleParameters(ParameterHandler.java:59)
at org.testng.internal.ParameterHandler.createParameters(ParameterHandler.java:38)
at org.testng.internal.TestInvoker$MethodInvocationAgent.invoke(TestInvoker.java:783)
at org.testng.internal.TestInvoker.invokeTestMethods(TestInvoker.java:146)
at org.testng.internal.TestMethodWorker.invokeTestMethods(TestMethodWorker.java:146)
at org.testng.internal.TestMethodWorker.run(TestMethodWorker.java:128)
at java.base/java.util.ArrayList.forEach(ArrayList.java:1511)
at org.testng.TestRunner.privateRun(TestRunner.java:766)
at org.testng.TestRunner.run(TestRunner.java:587)
at org.testng.SuiteRunner.runTest(SuiteRunner.java:384)
at org.testng.SuiteRunner.runSequentially(SuiteRunner.java:378)
at org.testng.SuiteRunner.privateRun(SuiteRunner.java:337)
at org.testng.SuiteRunner.run(SuiteRunner.java:286)
at org.testng.SuiteRunnerWorker.runSuite(SuiteRunnerWorker.java:53)
at org.testng.SuiteRunnerWorker.run(SuiteRunnerWorker.java:96)
at org.testng.TestNG.runSuitesSequentially(TestNG.java:1187)
at org.testng.TestNG.runSuitesLocally(TestNG.java:1109)
at org.testng.TestNG.runSuites(TestNG.java:1039)
at org.testng.TestNG.run(TestNG.java:1007)
at org.testng.remote.AbstractRemoteTestNG.run(AbstractRemoteTestNG.java:115)
at org.testng.remote.RemoteTestNG.initAndRun(RemoteTestNG.java:251)
at org.testng.remote.RemoteTestNG.main(RemoteTestNG.java:77)
]]>
    </failure>
  </testcase> <!-- WebRingApp1 -->
  <testcase classname="com.RingPay.TestScripts.RingPayTestScripts" name="transactionSetPin" time="0.0">
    <skipped/>
  </testcase> <!-- transactionSetPin -->
  <testcase classname="com.RingPay.TestScripts.RingPayTestScripts" name="repaymentmultipleCase" time="0.0">
    <skipped/>
  </testcase> <!-- repaymentmultipleCase -->
  <testcase classname="com.RingPay.TestScripts.RingPayTestScripts" name="bankTransferFlow" time="0.0">
    <skipped/>
  </testcase> <!-- bankTransferFlow -->
  <testcase classname="com.RingPay.TestScripts.RingPayTestScripts" name="addAddresFlow" time="0.0">
    <skipped/>
  </testcase> <!-- addAddresFlow -->
  <testcase classname="com.RingPay.TestScripts.RingPayTestScripts" name="userScanAndPayFlow" time="0.0">
    <skipped/>
  </testcase> <!-- userScanAndPayFlow -->
  <testcase classname="com.RingPay.TestScripts.RingPayTestScripts" name="merchantFlow" time="0.0">
    <skipped/>
  </testcase> <!-- merchantFlow -->
</testsuite> <!-- Default test -->
