<html>
<head>
<title>TestNG:  Default test</title>
<link href="../testng.css" rel="stylesheet" type="text/css" />
<link href="../my-testng.css" rel="stylesheet" type="text/css" />

<style type="text/css">
.log { display: none;} 
.stack-trace { display: none;} 
</style>
<script type="text/javascript">
<!--
function flip(e) {
  current = e.style.display;
  if (current == 'block') {
    e.style.display = 'none';
    return 0;
  }
  else {
    e.style.display = 'block';
    return 1;
  }
}

function toggleBox(szDivId, elem, msg1, msg2)
{
  var res = -1;  if (document.getElementById) {
    res = flip(document.getElementById(szDivId));
  }
  else if (document.all) {
    // this is the way old msie versions work
    res = flip(document.all[szDivId]);
  }
  if(elem) {
    if(res == 0) elem.innerHTML = msg1; else elem.innerHTML = msg2;
  }

}

function toggleAllBoxes() {
  if (document.getElementsByTagName) {
    d = document.getElementsByTagName('div');
    for (i = 0; i < d.length; i++) {
      if (d[i].className == 'log') {
        flip(d[i]);
      }
    }
  }
}

// -->
</script>

</head>
<body>
<h2 align='center'>Default test</h2><table border='1' align="center">
<tr>
<td>Tests passed/Failed/Skipped:</td><td>0/2/9</td>
</tr><tr>
<td>Started on:</td><td>Sat Dec 03 20:12:31 IST 2022</td>
</tr>
<tr><td>Total time:</td><td>1 seconds (1054 ms)</td>
</tr><tr>
<td>Included groups:</td><td></td>
</tr><tr>
<td>Excluded groups:</td><td></td>
</tr>
</table><p/>
<small><i>(Hover the method name to see the test class name)</i></small><p/>
<table width='100%' border='1' class='invocation-skipped'>
<tr><td colspan='4' align='center'><b>SKIPPED CONFIGURATIONS</b></td></tr>
<tr><td><b>Test method</b></td>
<td width="30%"><b>Exception</b></td>
<td width="10%"><b>Time (seconds)</b></td>
<td><b>Instance</b></td>
</tr>
<tr>
<td title='com.RingPay.TestScripts.RingPayTestScripts.Before()'><b>Before</b><br>Test class: com.RingPay.TestScripts.RingPayTestScripts</td>
<td><div><pre>org.testng.SkipException: PlatForm not matched...
	at com.driverInstance.Drivertools.&lt;init&gt;(Drivertools.java:349)
	at com.driverInstance.DriverInstance.&lt;init&gt;(DriverInstance.java:36)
	at com.driverInstance.CommandBase.&lt;init&gt;(CommandBase.java:51)
	at com.business.RingPay.RingPayBusinessLogic.&lt;init&gt;(RingPayBusinessLogic.java:72)
	at com.RingPay.TestScripts.RingPayTestScripts.Before(RingPayTestScripts.java:24)
	at java.base/jdk.internal.reflect.DirectMethodHandleAccessor.invoke(DirectMethodHandleAccessor.java:104)
	at java.base/java.lang.reflect.Method.invoke(Method.java:577)
	at org.testng.internal.MethodInvocationHelper.invokeMethod(MethodInvocationHelper.java:134)
	at org.testng.internal.MethodInvocationHelper.invokeMethodConsideringTimeout(MethodInvocationHelper.java:63)
	at org.testng.internal.ConfigInvoker.invokeConfigurationMethod(ConfigInvoker.java:348)
	at org.testng.internal.ConfigInvoker.invokeConfigurations(ConfigInvoker.java:302)
	at org.testng.TestRunner.invokeTestConfigurations(TestRunner.java:619)
	at org.testng.TestRunner.beforeRun(TestRunner.java:609)
	at org.testng.TestRunner.run(TestRunner.java:580)
	at org.testng.SuiteRunner.runTest(SuiteRunner.java:384)
	at org.testng.SuiteRunner.runSequentially(SuiteRunner.java:378)
	at org.testng.SuiteRunner.privateRun(SuiteRunner.java:337)
	at org.testng.SuiteRunner.run(SuiteRunner.java:286)
	at org.testng.SuiteRunnerWorker.runSuite(SuiteRunnerWorker.java:53)
	at org.testng.SuiteRunnerWorker.run(SuiteRunnerWorker.java:96)
	at org.testng.TestNG.runSuitesSequentially(TestNG.java:1187)
	at org.testng.TestNG.runSuitesLocally(TestNG.java:1109)
	at org.testng.TestNG.runSuites(TestNG.java:1039)
	at org.testng.TestNG.run(TestNG.java:1007)
	at org.testng.remote.AbstractRemoteTestNG.run(AbstractRemoteTestNG.java:115)
	at org.testng.remote.RemoteTestNG.initAndRun(RemoteTestNG.java:251)
	at org.testng.remote.RemoteTestNG.main(RemoteTestNG.java:77)
</pre></div><a href='#' onClick='toggleBox("stack-trace208539442", this, "Click to show all stack frames", "Click to hide stack frames")'>Click to show all stack frames</a>
<div class='stack-trace' id='stack-trace208539442'><pre>org.testng.SkipException: PlatForm not matched...
	at com.driverInstance.Drivertools.&lt;init&gt;(Drivertools.java:349)
	at com.driverInstance.DriverInstance.&lt;init&gt;(DriverInstance.java:36)
	at com.driverInstance.CommandBase.&lt;init&gt;(CommandBase.java:51)
	at com.business.RingPay.RingPayBusinessLogic.&lt;init&gt;(RingPayBusinessLogic.java:72)
	at com.RingPay.TestScripts.RingPayTestScripts.Before(RingPayTestScripts.java:24)
	at java.base/jdk.internal.reflect.DirectMethodHandleAccessor.invoke(DirectMethodHandleAccessor.java:104)
	at java.base/java.lang.reflect.Method.invoke(Method.java:577)
	at org.testng.internal.MethodInvocationHelper.invokeMethod(MethodInvocationHelper.java:134)
	at org.testng.internal.MethodInvocationHelper.invokeMethodConsideringTimeout(MethodInvocationHelper.java:63)
	at org.testng.internal.ConfigInvoker.invokeConfigurationMethod(ConfigInvoker.java:348)
	at org.testng.internal.ConfigInvoker.invokeConfigurations(ConfigInvoker.java:302)
	at org.testng.TestRunner.invokeTestConfigurations(TestRunner.java:619)
	at org.testng.TestRunner.beforeRun(TestRunner.java:609)
	at org.testng.TestRunner.run(TestRunner.java:580)
	at org.testng.SuiteRunner.runTest(SuiteRunner.java:384)
	at org.testng.SuiteRunner.runSequentially(SuiteRunner.java:378)
	at org.testng.SuiteRunner.privateRun(SuiteRunner.java:337)
	at org.testng.SuiteRunner.run(SuiteRunner.java:286)
	at org.testng.SuiteRunnerWorker.runSuite(SuiteRunnerWorker.java:53)
	at org.testng.SuiteRunnerWorker.run(SuiteRunnerWorker.java:96)
	at org.testng.TestNG.runSuitesSequentially(TestNG.java:1187)
	at org.testng.TestNG.runSuitesLocally(TestNG.java:1109)
	at org.testng.TestNG.runSuites(TestNG.java:1039)
	at org.testng.TestNG.run(TestNG.java:1007)
	at org.testng.remote.AbstractRemoteTestNG.run(AbstractRemoteTestNG.java:115)
	at org.testng.remote.RemoteTestNG.initAndRun(RemoteTestNG.java:251)
	at org.testng.remote.RemoteTestNG.main(RemoteTestNG.java:77)
</pre></div></td>
<td>1</td>
<td>com.RingPay.TestScripts.RingPayTestScripts@6da21078</td></tr>
<tr>
<td title='com.RingPay.TestScripts.RingPayTestScripts.Beforem()'><b>Beforem</b><br>Test class: com.RingPay.TestScripts.RingPayTestScripts</td>
<td></td>
<td>-1670078552</td>
<td>com.RingPay.TestScripts.RingPayTestScripts@6da21078</td></tr>
<tr>
<td title='com.RingPay.TestScripts.RingPayTestScripts.Beforem()'><b>Beforem</b><br>Test class: com.RingPay.TestScripts.RingPayTestScripts</td>
<td></td>
<td>-1670078552</td>
<td>com.RingPay.TestScripts.RingPayTestScripts@6da21078</td></tr>
<tr>
<td title='com.RingPay.TestScripts.RingPayTestScripts.Beforem()'><b>Beforem</b><br>Test class: com.RingPay.TestScripts.RingPayTestScripts</td>
<td></td>
<td>-1670078552</td>
<td>com.RingPay.TestScripts.RingPayTestScripts@6da21078</td></tr>
<tr>
<td title='com.RingPay.TestScripts.RingPayTestScripts.Beforem()'><b>Beforem</b><br>Test class: com.RingPay.TestScripts.RingPayTestScripts</td>
<td></td>
<td>-1670078552</td>
<td>com.RingPay.TestScripts.RingPayTestScripts@6da21078</td></tr>
<tr>
<td title='com.RingPay.TestScripts.RingPayTestScripts.Beforem()'><b>Beforem</b><br>Test class: com.RingPay.TestScripts.RingPayTestScripts</td>
<td></td>
<td>-1670078552</td>
<td>com.RingPay.TestScripts.RingPayTestScripts@6da21078</td></tr>
<tr>
<td title='com.RingPay.TestScripts.RingPayTestScripts.Beforem()'><b>Beforem</b><br>Test class: com.RingPay.TestScripts.RingPayTestScripts</td>
<td></td>
<td>-1670078552</td>
<td>com.RingPay.TestScripts.RingPayTestScripts@6da21078</td></tr>
<tr>
<td title='com.RingPay.TestScripts.RingPayTestScripts.Beforem()'><b>Beforem</b><br>Test class: com.RingPay.TestScripts.RingPayTestScripts</td>
<td></td>
<td>-1670078552</td>
<td>com.RingPay.TestScripts.RingPayTestScripts@6da21078</td></tr>
<tr>
<td title='com.RingPay.TestScripts.RingPayTestScripts.Beforem()'><b>Beforem</b><br>Test class: com.RingPay.TestScripts.RingPayTestScripts</td>
<td></td>
<td>-1670078552</td>
<td>com.RingPay.TestScripts.RingPayTestScripts@6da21078</td></tr>
<tr>
<td title='com.RingPay.TestScripts.RingPayTestScripts.Beforem()'><b>Beforem</b><br>Test class: com.RingPay.TestScripts.RingPayTestScripts</td>
<td></td>
<td>-1670078552</td>
<td>com.RingPay.TestScripts.RingPayTestScripts@6da21078</td></tr>
</table><p>
<table width='100%' border='1' class='invocation-failed'>
<tr><td colspan='4' align='center'><b>FAILED TESTS</b></td></tr>
<tr><td><b>Test method</b></td>
<td width="30%"><b>Exception</b></td>
<td width="10%"><b>Time (seconds)</b></td>
<td><b>Instance</b></td>
</tr>
<tr>
<td title='com.RingPay.TestScripts.RingPayTestScripts.WebRingApp()'><b>WebRingApp</b><br>Test class: com.RingPay.TestScripts.RingPayTestScripts</td>
<td><div><pre>org.testng.TestNGException: 
Parameter &apos;baseURLMockUser&apos; is required by @Test on method WebRingApp but has not been marked @Optional or defined
in C:\Users\IGS0501\AppData\Local\Temp\testng-eclipse-328775204\testng-customsuite.xml
	at org.testng.internal.Parameters.createParams(Parameters.java:272)
	at org.testng.internal.Parameters.createParametersForMethod(Parameters.java:360)
	at org.testng.internal.Parameters.createParameters(Parameters.java:704)
	at org.testng.internal.Parameters.handleParameters(Parameters.java:879)
	at org.testng.internal.Parameters.handleParameters(Parameters.java:744)
	at org.testng.internal.ParameterHandler.handleParameters(ParameterHandler.java:59)
	at org.testng.internal.ParameterHandler.createParameters(ParameterHandler.java:38)
	at org.testng.internal.TestInvoker$MethodInvocationAgent.invoke(TestInvoker.java:783)
	at org.testng.internal.TestInvoker.invokeTestMethods(TestInvoker.java:146)
	at org.testng.internal.TestMethodWorker.invokeTestMethods(TestMethodWorker.java:146)
	at org.testng.internal.TestMethodWorker.run(TestMethodWorker.java:128)
	at java.base/java.util.ArrayList.forEach(ArrayList.java:1511)
	at org.testng.TestRunner.privateRun(TestRunner.java:766)
	at org.testng.TestRunner.run(TestRunner.java:587)
	at org.testng.SuiteRunner.runTest(SuiteRunner.java:384)
	at org.testng.SuiteRunner.runSequentially(SuiteRunner.java:378)
	at org.testng.SuiteRunner.privateRun(SuiteRunner.java:337)
	at org.testng.SuiteRunner.run(SuiteRunner.java:286)
	at org.testng.SuiteRunnerWorker.runSuite(SuiteRunnerWorker.java:53)
	at org.testng.SuiteRunnerWorker.run(SuiteRunnerWorker.java:96)
	at org.testng.TestNG.runSuitesSequentially(TestNG.java:1187)
	at org.testng.TestNG.runSuitesLocally(TestNG.java:1109)
	at org.testng.TestNG.runSuites(TestNG.java:1039)
	at org.testng.TestNG.run(TestNG.java:1007)
	at org.testng.remote.AbstractRemoteTestNG.run(AbstractRemoteTestNG.java:115)
	at org.testng.remote.RemoteTestNG.initAndRun(RemoteTestNG.java:251)
	at org.testng.remote.RemoteTestNG.main(RemoteTestNG.java:77)
</pre></div><a href='#' onClick='toggleBox("stack-trace1769128714", this, "Click to show all stack frames", "Click to hide stack frames")'>Click to show all stack frames</a>
<div class='stack-trace' id='stack-trace1769128714'><pre>org.testng.TestNGException: 
Parameter &apos;baseURLMockUser&apos; is required by @Test on method WebRingApp but has not been marked @Optional or defined
in C:\Users\IGS0501\AppData\Local\Temp\testng-eclipse-328775204\testng-customsuite.xml
	at org.testng.internal.Parameters.createParams(Parameters.java:272)
	at org.testng.internal.Parameters.createParametersForMethod(Parameters.java:360)
	at org.testng.internal.Parameters.createParameters(Parameters.java:704)
	at org.testng.internal.Parameters.handleParameters(Parameters.java:879)
	at org.testng.internal.Parameters.handleParameters(Parameters.java:744)
	at org.testng.internal.ParameterHandler.handleParameters(ParameterHandler.java:59)
	at org.testng.internal.ParameterHandler.createParameters(ParameterHandler.java:38)
	at org.testng.internal.TestInvoker$MethodInvocationAgent.invoke(TestInvoker.java:783)
	at org.testng.internal.TestInvoker.invokeTestMethods(TestInvoker.java:146)
	at org.testng.internal.TestMethodWorker.invokeTestMethods(TestMethodWorker.java:146)
	at org.testng.internal.TestMethodWorker.run(TestMethodWorker.java:128)
	at java.base/java.util.ArrayList.forEach(ArrayList.java:1511)
	at org.testng.TestRunner.privateRun(TestRunner.java:766)
	at org.testng.TestRunner.run(TestRunner.java:587)
	at org.testng.SuiteRunner.runTest(SuiteRunner.java:384)
	at org.testng.SuiteRunner.runSequentially(SuiteRunner.java:378)
	at org.testng.SuiteRunner.privateRun(SuiteRunner.java:337)
	at org.testng.SuiteRunner.run(SuiteRunner.java:286)
	at org.testng.SuiteRunnerWorker.runSuite(SuiteRunnerWorker.java:53)
	at org.testng.SuiteRunnerWorker.run(SuiteRunnerWorker.java:96)
	at org.testng.TestNG.runSuitesSequentially(TestNG.java:1187)
	at org.testng.TestNG.runSuitesLocally(TestNG.java:1109)
	at org.testng.TestNG.runSuites(TestNG.java:1039)
	at org.testng.TestNG.run(TestNG.java:1007)
	at org.testng.remote.AbstractRemoteTestNG.run(AbstractRemoteTestNG.java:115)
	at org.testng.remote.RemoteTestNG.initAndRun(RemoteTestNG.java:251)
	at org.testng.remote.RemoteTestNG.main(RemoteTestNG.java:77)
</pre></div></td>
<td>0</td>
<td>com.RingPay.TestScripts.RingPayTestScripts@6da21078</td></tr>
<tr>
<td title='com.RingPay.TestScripts.RingPayTestScripts.WebRingApp1()'><b>WebRingApp1</b><br>Test class: com.RingPay.TestScripts.RingPayTestScripts</td>
<td><div><pre>org.testng.TestNGException: 
Parameter &apos;baseURLMockUser&apos; is required by @Test on method WebRingApp1 but has not been marked @Optional or defined
in C:\Users\IGS0501\AppData\Local\Temp\testng-eclipse-328775204\testng-customsuite.xml
	at org.testng.internal.Parameters.createParams(Parameters.java:272)
	at org.testng.internal.Parameters.createParametersForMethod(Parameters.java:360)
	at org.testng.internal.Parameters.createParameters(Parameters.java:704)
	at org.testng.internal.Parameters.handleParameters(Parameters.java:879)
	at org.testng.internal.Parameters.handleParameters(Parameters.java:744)
	at org.testng.internal.ParameterHandler.handleParameters(ParameterHandler.java:59)
	at org.testng.internal.ParameterHandler.createParameters(ParameterHandler.java:38)
	at org.testng.internal.TestInvoker$MethodInvocationAgent.invoke(TestInvoker.java:783)
	at org.testng.internal.TestInvoker.invokeTestMethods(TestInvoker.java:146)
	at org.testng.internal.TestMethodWorker.invokeTestMethods(TestMethodWorker.java:146)
	at org.testng.internal.TestMethodWorker.run(TestMethodWorker.java:128)
	at java.base/java.util.ArrayList.forEach(ArrayList.java:1511)
	at org.testng.TestRunner.privateRun(TestRunner.java:766)
	at org.testng.TestRunner.run(TestRunner.java:587)
	at org.testng.SuiteRunner.runTest(SuiteRunner.java:384)
	at org.testng.SuiteRunner.runSequentially(SuiteRunner.java:378)
	at org.testng.SuiteRunner.privateRun(SuiteRunner.java:337)
	at org.testng.SuiteRunner.run(SuiteRunner.java:286)
	at org.testng.SuiteRunnerWorker.runSuite(SuiteRunnerWorker.java:53)
	at org.testng.SuiteRunnerWorker.run(SuiteRunnerWorker.java:96)
	at org.testng.TestNG.runSuitesSequentially(TestNG.java:1187)
	at org.testng.TestNG.runSuitesLocally(TestNG.java:1109)
	at org.testng.TestNG.runSuites(TestNG.java:1039)
	at org.testng.TestNG.run(TestNG.java:1007)
	at org.testng.remote.AbstractRemoteTestNG.run(AbstractRemoteTestNG.java:115)
	at org.testng.remote.RemoteTestNG.initAndRun(RemoteTestNG.java:251)
	at org.testng.remote.RemoteTestNG.main(RemoteTestNG.java:77)
</pre></div><a href='#' onClick='toggleBox("stack-trace28010264", this, "Click to show all stack frames", "Click to hide stack frames")'>Click to show all stack frames</a>
<div class='stack-trace' id='stack-trace28010264'><pre>org.testng.TestNGException: 
Parameter &apos;baseURLMockUser&apos; is required by @Test on method WebRingApp1 but has not been marked @Optional or defined
in C:\Users\IGS0501\AppData\Local\Temp\testng-eclipse-328775204\testng-customsuite.xml
	at org.testng.internal.Parameters.createParams(Parameters.java:272)
	at org.testng.internal.Parameters.createParametersForMethod(Parameters.java:360)
	at org.testng.internal.Parameters.createParameters(Parameters.java:704)
	at org.testng.internal.Parameters.handleParameters(Parameters.java:879)
	at org.testng.internal.Parameters.handleParameters(Parameters.java:744)
	at org.testng.internal.ParameterHandler.handleParameters(ParameterHandler.java:59)
	at org.testng.internal.ParameterHandler.createParameters(ParameterHandler.java:38)
	at org.testng.internal.TestInvoker$MethodInvocationAgent.invoke(TestInvoker.java:783)
	at org.testng.internal.TestInvoker.invokeTestMethods(TestInvoker.java:146)
	at org.testng.internal.TestMethodWorker.invokeTestMethods(TestMethodWorker.java:146)
	at org.testng.internal.TestMethodWorker.run(TestMethodWorker.java:128)
	at java.base/java.util.ArrayList.forEach(ArrayList.java:1511)
	at org.testng.TestRunner.privateRun(TestRunner.java:766)
	at org.testng.TestRunner.run(TestRunner.java:587)
	at org.testng.SuiteRunner.runTest(SuiteRunner.java:384)
	at org.testng.SuiteRunner.runSequentially(SuiteRunner.java:378)
	at org.testng.SuiteRunner.privateRun(SuiteRunner.java:337)
	at org.testng.SuiteRunner.run(SuiteRunner.java:286)
	at org.testng.SuiteRunnerWorker.runSuite(SuiteRunnerWorker.java:53)
	at org.testng.SuiteRunnerWorker.run(SuiteRunnerWorker.java:96)
	at org.testng.TestNG.runSuitesSequentially(TestNG.java:1187)
	at org.testng.TestNG.runSuitesLocally(TestNG.java:1109)
	at org.testng.TestNG.runSuites(TestNG.java:1039)
	at org.testng.TestNG.run(TestNG.java:1007)
	at org.testng.remote.AbstractRemoteTestNG.run(AbstractRemoteTestNG.java:115)
	at org.testng.remote.RemoteTestNG.initAndRun(RemoteTestNG.java:251)
	at org.testng.remote.RemoteTestNG.main(RemoteTestNG.java:77)
</pre></div></td>
<td>0</td>
<td>com.RingPay.TestScripts.RingPayTestScripts@6da21078</td></tr>
</table><p>
<table width='100%' border='1' class='invocation-skipped'>
<tr><td colspan='4' align='center'><b>SKIPPED TESTS</b></td></tr>
<tr><td><b>Test method</b></td>
<td width="30%"><b>Exception</b></td>
<td width="10%"><b>Time (seconds)</b></td>
<td><b>Instance</b></td>
</tr>
<tr>
<td title='com.RingPay.TestScripts.RingPayTestScripts.addAddresFlow()'><b>addAddresFlow</b><br>Test class: com.RingPay.TestScripts.RingPayTestScripts</td>
<td></td>
<td>0</td>
<td>com.RingPay.TestScripts.RingPayTestScripts@6da21078</td></tr>
<tr>
<td title='com.RingPay.TestScripts.RingPayTestScripts.ageCheck()'><b>ageCheck</b><br>Test class: com.RingPay.TestScripts.RingPayTestScripts</td>
<td></td>
<td>0</td>
<td>com.RingPay.TestScripts.RingPayTestScripts@6da21078</td></tr>
<tr>
<td title='com.RingPay.TestScripts.RingPayTestScripts.bankTransferFlow()'><b>bankTransferFlow</b><br>Test class: com.RingPay.TestScripts.RingPayTestScripts</td>
<td></td>
<td>0</td>
<td>com.RingPay.TestScripts.RingPayTestScripts@6da21078</td></tr>
<tr>
<td title='com.RingPay.TestScripts.RingPayTestScripts.merchantFlow()'><b>merchantFlow</b><br>Test class: com.RingPay.TestScripts.RingPayTestScripts</td>
<td></td>
<td>0</td>
<td>com.RingPay.TestScripts.RingPayTestScripts@6da21078</td></tr>
<tr>
<td title='com.RingPay.TestScripts.RingPayTestScripts.offerFlow()'><b>offerFlow</b><br>Test class: com.RingPay.TestScripts.RingPayTestScripts</td>
<td></td>
<td>0</td>
<td>com.RingPay.TestScripts.RingPayTestScripts@6da21078</td></tr>
<tr>
<td title='com.RingPay.TestScripts.RingPayTestScripts.promocodeFlow()'><b>promocodeFlow</b><br>Test class: com.RingPay.TestScripts.RingPayTestScripts</td>
<td></td>
<td>0</td>
<td>com.RingPay.TestScripts.RingPayTestScripts@6da21078</td></tr>
<tr>
<td title='com.RingPay.TestScripts.RingPayTestScripts.repaymentmultipleCase()'><b>repaymentmultipleCase</b><br>Test class: com.RingPay.TestScripts.RingPayTestScripts</td>
<td></td>
<td>0</td>
<td>com.RingPay.TestScripts.RingPayTestScripts@6da21078</td></tr>
<tr>
<td title='com.RingPay.TestScripts.RingPayTestScripts.transactionSetPin()'><b>transactionSetPin</b><br>Test class: com.RingPay.TestScripts.RingPayTestScripts</td>
<td></td>
<td>0</td>
<td>com.RingPay.TestScripts.RingPayTestScripts@6da21078</td></tr>
<tr>
<td title='com.RingPay.TestScripts.RingPayTestScripts.userScanAndPayFlow()'><b>userScanAndPayFlow</b><br>Test class: com.RingPay.TestScripts.RingPayTestScripts</td>
<td></td>
<td>0</td>
<td>com.RingPay.TestScripts.RingPayTestScripts@6da21078</td></tr>
</table><p>
</body>
</html>